0 silly argv {
0 silly argv   _: [ 'run' ],
0 silly argv   stream: true,
0 silly argv   parallel: true,
0 silly argv   concurrency: 4,
0 silly argv   lernaVersion: '8.2.2',
0 silly argv   '$0': '/Users/dgrullon/Workspace/brandstake/brandstake-organizations/src/templates/005-types/aws-resource-providers/node_modules/.bin/lerna',
0 silly argv   script: 'build'
0 silly argv }
1 notice cli v8.2.2
2 verbose packageConfigs Resolving packages based on package.json "workspaces" configuration.
3 verbose rootPath /Users/dgrullon/Workspace/brandstake/brandstake-organizations/src/templates/005-types/aws-resource-providers
4 error RuntimeError: unreachable
4 error     at wasm://wasm/00b5e6a6:wasm-function[3389]:0x254f3f
4 error     at wasm://wasm/00b5e6a6:wasm-function[3320]:0x254d45
4 error     at wasm://wasm/00b5e6a6:wasm-function[3318]:0x254d36
4 error     at wasm://wasm/00b5e6a6:wasm-function[3190]:0x254761
4 error     at wasm://wasm/00b5e6a6:wasm-function[3201]:0x2547f0
4 error     at wasm://wasm/00b5e6a6:wasm-function[3200]:0x2547e5
4 error     at wasm://wasm/00b5e6a6:wasm-function[3199]:0x2547da
4 error     at wasm://wasm/00b5e6a6:wasm-function[2987]:0x253416
4 error     at wasm://wasm/00b5e6a6:wasm-function[1122]:0x1f1621
